<?xml version="1.0" encoding="UTF-8"?>
<!-- Generated by org.testng.reporters.JUnitXMLReporter -->
<testsuite hostname="SuchenComputer" ignored="1" name="SampleTest" tests="4" failures="0" timestamp="2021-01-19T17:27:11 EST" time="0.033" errors="0">
  <testcase name="@BeforeMethod startProcess" time="-1.611095231399E9" classname="com.project.MavenBuild.TNG_002">
    <failure type="org.testng.TestNGException" message="
Parameter &amp;apos;browser&amp;apos; is required by BeforeMethod on method startProcess but has not been marked @Optional or defined
in C:\Users\suche\eclipse-workspace\MavenBuild\Sampletestng.xml">
      <![CDATA[org.testng.TestNGException: 
Parameter 'browser' is required by BeforeMethod on method startProcess but has not been marked @Optional or defined
in C:\Users\suche\eclipse-workspace\MavenBuild\Sampletestng.xml
at java.util.ArrayList.forEach(Unknown Source)
... Removed 28 stack frames]]>
    </failure>
  </testcase> <!-- @BeforeMethod startProcess -->
  <testcase name="@AfterMethod endProcess" time="-1.611095231405E9" classname="com.project.MavenBuild.TNG_002">
    <skipped/>
  </testcase> <!-- @AfterMethod endProcess -->
  <testcase name="f" time="0.004" classname="com.project.MavenBuild.NewTest"/>
  <testcase name="amazon" time="0.0" classname="com.project.MavenBuild.TNG_002">
    <skipped/>
  </testcase> <!-- amazon -->
  <testcase name="f" time="0.001" classname="com.project.MavenBuild.TNG_001"/>
  <testcase name="z" time="0.001" classname="com.project.MavenBuild.TNG_001"/>
  <testcase name="a" time="0.0" classname="com.project.MavenBuild.TNG_001">
    <ignored/>
  </testcase> <!-- a -->
</testsuite> <!-- SampleTest -->
